[2020-06-05 01:17:15]dsadにてゲット
[2020-06-05 01:22:28]dsadを登録
[2020-06-05 01:22:30]dsadを登録
[2020-06-05 01:22:31]dsadを登録
[2020-06-05 01:22:39]dsadを登録
[2020-06-05 01:26:01]dsadを登録
[2020-06-05 01:26:08]dsadを登録
[2020-06-05 01:26:19]dsadを登録
[2020-06-05 01:30:50]dsadを登録
[2020-06-05 01:30:52]dsadを登録
[2020-06-05 01:30:56]oijouを登録
[2020-06-05 04:06:47]にてゲット
[2020-06-05 04:06:48]にてゲット
[2020-06-05 04:06:54]にてゲット
[2020-06-05 04:06:55]にてゲット
[2020-06-05 04:07:27]にてゲット
[2020-06-05 04:07:28]にてゲット
[2020-06-05 04:08:23]にてゲット
[2020-06-05 04:08:24]にてゲット
[2020-06-05 04:32:34]にてゲット
[2020-06-05 04:32:34]にてゲット
[2020-06-05 04:34:56]にてゲット
[2020-06-05 04:35:56]にてゲット
[2020-06-05 04:38:10]にてゲット
[2020-06-05 04:38:53]にてゲット
[2020-06-08 04:06:15/Applications/MAMP/htdocs/Polidog.Todo[2020-06-08 04:09:06/Applications/MAMP/htdocs/Polidog.Todo[2020-06-08 04:09:10/Applications/MAMP/htdocs/Polidog.Todo[2020-06-08 04:09:36/Applications/MAMP/htdocs/Polidog.Todo[2020-06-08 04:10:57/Applications/MAMP/htdocs/Polidog.Todo[2020-06-08 04:14:17/Applications/MAMP/htdocs/Polidog.Todo[2020-06-08 04:17:04/Applications/MAMP/htdocs/Polidog.Todo[2020-06-08 04:17:14/Applications/MAMP/htdocs/Polidog.Todo[2020-06-08 04:17:45/Applications/MAMP/htdocs/Polidog.Todo[2020-06-08 04:19:17/Applications/MAMP/htdocs/Polidog.Todo[2020-06-08 04:21:17/Applications/MAMP/htdocs/Polidog.Todo[2020-06-08 04:21:34/Applications/MAMP/htdocs/Polidog.Todo[2020-06-08 04:22:05/Applications/MAMP/htdocs/Polidog.Todo[2020-06-08 04:26:27/Applications/MAMP/htdocs/Polidog.Todo[2020-06-08 04:27:10/Applications/MAMP/htdocs/Polidog.Todo[2020-06-08 04:27:45/Applications/MAMP/htdocs/Polidog.Todo[2020-06-08 04:28:21/Applications/MAMP/htdocs/Polidog.Todo[2020-06-08 04:29:38/Applications/MAMP/htdocs/Polidog.Todo[2020-06-08 04:40:41/Applications/MAMP/htdocs/Polidog.Todoにてゲット
[2020-06-08 04:41:25/Applications/MAMP/htdocs/Polidog.Todoにてゲット
[2020-06-08 04:41:48/Applications/MAMP/htdocs/Polidog.Todoにてゲット
[2020-06-08 04:42:22/Applications/MAMP/htdocs/Polidog.Todoにてゲット
[2020-06-08 04:43:08/Applications/MAMP/htdocs/Polidog.Todoにてゲット
[2020-06-08 04:43:49/Applications/MAMP/htdocs/Polidog.Todoにてゲット
[2020-06-08 04:44:35/Applications/MAMP/htdocs/Polidog.Todoにてゲット
[2020-06-08 04:45:37/Applications/MAMP/htdocs/Polidog.Todoにてゲット
[2020-06-08 04:46:30/Applications/MAMP/htdocs/Polidog.Todoにてゲット
[2020-06-08 04:46:51/Applications/MAMP/htdocs/Polidog.Todoにてゲット
[2020-06-08 04:47:09/Applications/MAMP/htdocs/Polidog.Todoにてゲット
[2020-06-08 04:47:32/Applications/MAMP/htdocs/Polidog.Todoにてゲット
[2020-06-08 05:07:46/Applications/MAMP/htdocs/Polidog.Todoにてゲット
[2020-06-08 05:08:36/Applications/MAMP/htdocs/Polidog.Todoにてゲット
[2020-06-08 05:08:54/Applications/MAMP/htdocs/Polidog.Todoにてゲット
[2020-06-08 05:09:24/Applications/MAMP/htdocs/Polidog.Todoにてゲット
[2020-06-08 05:09:37/Applications/MAMP/htdocs/Polidog.Todoにてゲット
